************* Module cfkit.commands
commands.py:129:0: C0301: Line too long (116/100) (line-too-long)
commands.py:140:0: C0301: Line too long (182/100) (line-too-long)
commands.py:142:0: C0301: Line too long (158/100) (line-too-long)
commands.py:171:0: C0301: Line too long (127/100) (line-too-long)
commands.py:180:0: C0301: Line too long (131/100) (line-too-long)
commands.py:189:0: C0301: Line too long (140/100) (line-too-long)
commands.py:222:0: C0301: Line too long (171/100) (line-too-long)
commands.py:241:0: C0301: Line too long (108/100) (line-too-long)
commands.py:252:0: C0301: Line too long (125/100) (line-too-long)
commands.py:259:0: C0301: Line too long (119/100) (line-too-long)
commands.py:263:0: C0301: Line too long (122/100) (line-too-long)
commands.py:279:0: C0303: Trailing whitespace (trailing-whitespace)
commands.py:314:0: C0304: Final newline missing (missing-final-newline)
commands.py:1:0: C0114: Missing module docstring (missing-module-docstring)
commands.py:15:0: C0116: Missing function or method docstring (missing-function-docstring)
commands.py:24:0: C0116: Missing function or method docstring (missing-function-docstring)
commands.py:24:14: C0103: Argument name "x" doesn't conform to snake_case naming style (invalid-name)
commands.py:25:41: W0621: Redefining name 'file' from outer scope (line 313) (redefined-outer-name)
commands.py:53:0: C0116: Missing function or method docstring (missing-function-docstring)
commands.py:58:10: W1510: 'subprocess.run' used without explicitly defining the value for 'check'. (subprocess-run-check)
commands.py:61:28: C0103: Argument name "x" doesn't conform to snake_case naming style (invalid-name)
commands.py:69:37: C0103: Argument name "L" doesn't conform to snake_case naming style (invalid-name)
commands.py:71:4: C0103: Variable name "ok" doesn't conform to snake_case naming style (invalid-name)
commands.py:72:4: C0103: Variable name "R" doesn't conform to snake_case naming style (invalid-name)
commands.py:79:2: R0914: Too many local variables (16/15) (too-many-locals)
commands.py:84:8: C0103: Variable name "ok" doesn't conform to snake_case naming style (invalid-name)
commands.py:156:6: C0103: Variable name "l" doesn't conform to snake_case naming style (invalid-name)
commands.py:158:34: C0103: Argument name "K" doesn't conform to snake_case naming style (invalid-name)
commands.py:159:28: C0103: Argument name "x" doesn't conform to snake_case naming style (invalid-name)
commands.py:164:10: R1705: Unnecessary "elif" after "return", remove the leading "el" from "elif" (no-else-return)
commands.py:180:12: C0103: Variable name "c" doesn't conform to snake_case naming style (invalid-name)
commands.py:183:14: C0103: Variable name "c" doesn't conform to snake_case naming style (invalid-name)
commands.py:184:12: C0103: Variable name "c" doesn't conform to snake_case naming style (invalid-name)
commands.py:158:8: R0912: Too many branches (15/12) (too-many-branches)
commands.py:209:8: C0103: Variable name "K" doesn't conform to snake_case naming style (invalid-name)
commands.py:210:12: C0103: Variable name "x" doesn't conform to snake_case naming style (invalid-name)
commands.py:79:2: R0912: Too many branches (29/12) (too-many-branches)
commands.py:79:2: R0915: Too many statements (94/50) (too-many-statements)
commands.py:233:2: C0103: Variable name "L" doesn't conform to snake_case naming style (invalid-name)
commands.py:247:20: C0103: Argument name "x" doesn't conform to snake_case naming style (invalid-name)
commands.py:53:0: R0915: Too many statements (113/50) (too-many-statements)
commands.py:256:0: C0116: Missing function or method docstring (missing-function-docstring)
commands.py:256:27: C0103: Argument name "inputPath" doesn't conform to snake_case naming style (invalid-name)
commands.py:256:38: C0103: Argument name "outputPath" doesn't conform to snake_case naming style (invalid-name)
commands.py:256:16: W0621: Redefining name 'file' from outer scope (line 313) (redefined-outer-name)
commands.py:313:7: W1514: Using open without explicitly specifying an encoding (unspecified-encoding)

------------------------------------------------------------------
Your code has been rated at 7.49/10 (previous run: 7.45/10, +0.04)

